<?xml version="1.0" encoding="UTF-8"?>
<!-- Generated by org.testng.reporters.JUnitReportReporter -->
<testsuite hostname="DESKTOP-5A352F4" failures="0" tests="1" name="mavenforjenkins.UITest" time="14.819" errors="0" timestamp="2023-05-29T15:26:36 IST" skipped="0">
  <testcase classname="mavenforjenkins.UITest" name="startBrowser" time="14.819"/>
  <system-out/>
</testsuite> <!-- mavenforjenkins.UITest -->
